[async_value_nullable_pattern] 2025-08-13T21:55:41.408481 Plugin async_value_nullable_pattern threw while analyzing /Users/talitasilva/development/flutter_experience_adf/cinebox/lib/ui/splash/splash_screen.dart:
[async_value_nullable_pattern] 2025-08-13T21:55:41.408481 Null check operator used on a null value
[async_value_nullable_pattern] 2025-08-13T21:55:41.408481 #0      ErrorVerifier._checkForMixinWithConflictingPrivateMember (package:analyzer/src/generated/error_verifier.dart:4257:52)
[async_value_nullable_pattern] 2025-08-13T21:55:41.408481 #1      ErrorVerifier._checkClassInheritance (package:analyzer/src/generated/error_verifier.dart:1570:7)
[async_value_nullable_pattern] 2025-08-13T21:55:41.408481 #2      ErrorVerifier.visitClassDeclaration (package:analyzer/src/generated/error_verifier.dart:463:26)
[async_value_nullable_pattern] 2025-08-13T21:55:41.408481 #3      ClassDeclarationImpl.accept (package:analyzer/src/dart/ast/ast.dart:2937:50)
[async_value_nullable_pattern] 2025-08-13T21:55:41.408481 #4      NodeListImpl.accept (package:analyzer/src/dart/ast/ast.dart:13245:20)
[async_value_nullable_pattern] 2025-08-13T21:55:41.408481 #5      CompilationUnitImpl.visitChildren (package:analyzer/src/dart/ast/ast.dart:3613:21)
[async_value_nullable_pattern] 2025-08-13T21:55:41.408481 #6      RecursiveAstVisitor.visitCompilationUnit (package:analyzer/dart/ast/visitor.dart:964:10)
[async_value_nullable_pattern] 2025-08-13T21:55:41.408481 #7      ErrorVerifier.visitCompilationUnit (package:analyzer/src/generated/error_verifier.dart:548:11)
[async_value_nullable_pattern] 2025-08-13T21:55:41.408481 #8      CompilationUnitImpl.accept (package:analyzer/src/dart/ast/ast.dart:3606:50)
[async_value_nullable_pattern] 2025-08-13T21:55:41.408481 #9      LibraryAnalyzer._computeVerifyErrors (package:analyzer/src/dart/analysis/library_analyzer.dart:485:10)
[async_value_nullable_pattern] 2025-08-13T21:55:41.408481 #10     LibraryAnalyzer._computeDiagnostics (package:analyzer/src/dart/analysis/library_analyzer.dart:328:7)
[async_value_nullable_pattern] 2025-08-13T21:55:41.408481 #11     LibraryAnalyzer.analyze.<anonymous closure> (package:analyzer/src/dart/analysis/library_analyzer.dart:126:7)
[async_value_nullable_pattern] 2025-08-13T21:55:41.408481 #12     OperationPerformanceImpl.run (package:analyzer/src/util/performance/operation_performance.dart:155:23)
[async_value_nullable_pattern] 2025-08-13T21:55:41.408481 #13     LibraryAnalyzer.analyze (package:analyzer/src/dart/analysis/library_analyzer.dart:125:17)
[async_value_nullable_pattern] 2025-08-13T21:55:41.408481 #14     AnalysisDriver._analyzeFileImpl.<anonymous closure>.<anonymous closure> (package:analyzer/src/dart/analysis/driver.dart:1417:13)
[async_value_nullable_pattern] 2025-08-13T21:55:41.408481 #15     OperationPerformanceImpl.run (package:analyzer/src/util/performance/operation_performance.dart:155:23)
[async_value_nullable_pattern] 2025-08-13T21:55:41.408481 #16     AnalysisDriver._analyzeFileImpl.<anonymous closure> (package:analyzer/src/dart/analysis/driver.dart:1406:35)
[async_value_nullable_pattern] 2025-08-13T21:55:41.408481 #17     PerformanceLog.run (package:analyzer/src/dart/analysis/performance_logger.dart:38:15)
[async_value_nullable_pattern] 2025-08-13T21:55:41.408481 #18     AnalysisDriver._analyzeFileImpl (package:analyzer/src/dart/analysis/driver.dart:1348:20)
[async_value_nullable_pattern] 2025-08-13T21:55:41.408481 #19     AnalysisDriver._analyzeFile.<anonymous closure> (package:analyzer/src/dart/analysis/driver.dart:1325:9)
[async_value_nullable_pattern] 2025-08-13T21:55:41.408481 #20     OperationPerformanceImpl.run (package:analyzer/src/util/performance/operation_performance.dart:155:23)
[async_value_nullable_pattern] 2025-08-13T21:55:41.408481 #21     AnalysisDriver._analyzeFile (package:analyzer/src/dart/analysis/driver.dart:1322:38)
[async_value_nullable_pattern] 2025-08-13T21:55:41.408481 #22     AnalysisDriver.performWork (package:analyzer/src/dart/analysis/driver.dart:1217:7)
[async_value_nullable_pattern] 2025-08-13T21:55:41.408481 #23     AnalysisDriverScheduler._run (package:analyzer/src/dart/analysis/driver.dart:2659:24)
[async_value_nullable_pattern] 2025-08-13T21:55:41.408481 <asynchronous suspension>
[async_value_nullable_pattern] 2025-08-13T21:55:41.408481
[async_value_nullable_pattern] 2025-08-13T21:55:41.410461 Plugin async_value_nullable_pattern threw while analyzing /Users/talitasilva/development/flutter_experience_adf/cinebox/lib/ui/splash/splash_screen.dart:
[async_value_nullable_pattern] 2025-08-13T21:55:41.410461 Null check operator used on a null value
[async_value_nullable_pattern] 2025-08-13T21:55:41.410461 #0      ErrorVerifier._checkForMixinWithConflictingPrivateMember (package:analyzer/src/generated/error_verifier.dart:4257:52)
[async_value_nullable_pattern] 2025-08-13T21:55:41.410461 #1      ErrorVerifier._checkClassInheritance (package:analyzer/src/generated/error_verifier.dart:1570:7)
[async_value_nullable_pattern] 2025-08-13T21:55:41.410461 #2      ErrorVerifier.visitClassDeclaration (package:analyzer/src/generated/error_verifier.dart:463:26)
[async_value_nullable_pattern] 2025-08-13T21:55:41.410461 #3      ClassDeclarationImpl.accept (package:analyzer/src/dart/ast/ast.dart:2937:50)
[async_value_nullable_pattern] 2025-08-13T21:55:41.410461 #4      NodeListImpl.accept (package:analyzer/src/dart/ast/ast.dart:13245:20)
[async_value_nullable_pattern] 2025-08-13T21:55:41.410461 #5      CompilationUnitImpl.visitChildren (package:analyzer/src/dart/ast/ast.dart:3613:21)
[async_value_nullable_pattern] 2025-08-13T21:55:41.410461 #6      RecursiveAstVisitor.visitCompilationUnit (package:analyzer/dart/ast/visitor.dart:964:10)
[async_value_nullable_pattern] 2025-08-13T21:55:41.410461 #7      ErrorVerifier.visitCompilationUnit (package:analyzer/src/generated/error_verifier.dart:548:11)
[async_value_nullable_pattern] 2025-08-13T21:55:41.410461 #8      CompilationUnitImpl.accept (package:analyzer/src/dart/ast/ast.dart:3606:50)
[async_value_nullable_pattern] 2025-08-13T21:55:41.410461 #9      LibraryAnalyzer._computeVerifyErrors (package:analyzer/src/dart/analysis/library_analyzer.dart:485:10)
[async_value_nullable_pattern] 2025-08-13T21:55:41.410461 #10     LibraryAnalyzer._computeDiagnostics (package:analyzer/src/dart/analysis/library_analyzer.dart:328:7)
[async_value_nullable_pattern] 2025-08-13T21:55:41.410461 #11     LibraryAnalyzer.analyze.<anonymous closure> (package:analyzer/src/dart/analysis/library_analyzer.dart:126:7)
[async_value_nullable_pattern] 2025-08-13T21:55:41.410461 #12     OperationPerformanceImpl.run (package:analyzer/src/util/performance/operation_performance.dart:155:23)
[async_value_nullable_pattern] 2025-08-13T21:55:41.410461 #13     LibraryAnalyzer.analyze (package:analyzer/src/dart/analysis/library_analyzer.dart:125:17)
[async_value_nullable_pattern] 2025-08-13T21:55:41.410461 #14     AnalysisDriver._analyzeFileImpl.<anonymous closure>.<anonymous closure> (package:analyzer/src/dart/analysis/driver.dart:1417:13)
[async_value_nullable_pattern] 2025-08-13T21:55:41.410461 #15     OperationPerformanceImpl.run (package:analyzer/src/util/performance/operation_performance.dart:155:23)
[async_value_nullable_pattern] 2025-08-13T21:55:41.410461 #16     AnalysisDriver._analyzeFileImpl.<anonymous closure> (package:analyzer/src/dart/analysis/driver.dart:1406:35)
[async_value_nullable_pattern] 2025-08-13T21:55:41.410461 #17     PerformanceLog.run (package:analyzer/src/dart/analysis/performance_logger.dart:38:15)
[async_value_nullable_pattern] 2025-08-13T21:55:41.410461 #18     AnalysisDriver._analyzeFileImpl (package:analyzer/src/dart/analysis/driver.dart:1348:20)
[async_value_nullable_pattern] 2025-08-13T21:55:41.410461 #19     AnalysisDriver._analyzeFile.<anonymous closure> (package:analyzer/src/dart/analysis/driver.dart:1325:9)
[async_value_nullable_pattern] 2025-08-13T21:55:41.410461 #20     OperationPerformanceImpl.run (package:analyzer/src/util/performance/operation_performance.dart:155:23)
[async_value_nullable_pattern] 2025-08-13T21:55:41.410461 #21     AnalysisDriver._analyzeFile (package:analyzer/src/dart/analysis/driver.dart:1322:38)
[async_value_nullable_pattern] 2025-08-13T21:55:41.410461 #22     AnalysisDriver.performWork (package:analyzer/src/dart/analysis/driver.dart:1217:7)
[async_value_nullable_pattern] 2025-08-13T21:55:41.410461 #23     AnalysisDriverScheduler._run (package:analyzer/src/dart/analysis/driver.dart:2659:24)
[async_value_nullable_pattern] 2025-08-13T21:55:41.410461 <asynchronous suspension>
[async_value_nullable_pattern] 2025-08-13T21:55:41.410461
[async_value_nullable_pattern] 2025-08-13T21:55:41.700894 Plugin async_value_nullable_pattern threw while analyzing /Users/talitasilva/development/flutter_experience_adf/cinebox/lib/ui/splash/splash_screen.dart:
[async_value_nullable_pattern] 2025-08-13T21:55:41.700894 Null check operator used on a null value
[async_value_nullable_pattern] 2025-08-13T21:55:41.700894 #0      ErrorVerifier._checkForMixinWithConflictingPrivateMember (package:analyzer/src/generated/error_verifier.dart:4257:52)
[async_value_nullable_pattern] 2025-08-13T21:55:41.700894 #1      ErrorVerifier._checkClassInheritance (package:analyzer/src/generated/error_verifier.dart:1570:7)
[async_value_nullable_pattern] 2025-08-13T21:55:41.700894 #2      ErrorVerifier.visitClassDeclaration (package:analyzer/src/generated/error_verifier.dart:463:26)
[async_value_nullable_pattern] 2025-08-13T21:55:41.700894 #3      ClassDeclarationImpl.accept (package:analyzer/src/dart/ast/ast.dart:2937:50)
[async_value_nullable_pattern] 2025-08-13T21:55:41.700894 #4      NodeListImpl.accept (package:analyzer/src/dart/ast/ast.dart:13245:20)
[async_value_nullable_pattern] 2025-08-13T21:55:41.700894 #5      CompilationUnitImpl.visitChildren (package:analyzer/src/dart/ast/ast.dart:3613:21)
[async_value_nullable_pattern] 2025-08-13T21:55:41.700894 #6      RecursiveAstVisitor.visitCompilationUnit (package:analyzer/dart/ast/visitor.dart:964:10)
[async_value_nullable_pattern] 2025-08-13T21:55:41.700894 #7      ErrorVerifier.visitCompilationUnit (package:analyzer/src/generated/error_verifier.dart:548:11)
[async_value_nullable_pattern] 2025-08-13T21:55:41.700894 #8      CompilationUnitImpl.accept (package:analyzer/src/dart/ast/ast.dart:3606:50)
[async_value_nullable_pattern] 2025-08-13T21:55:41.700894 #9      LibraryAnalyzer._computeVerifyErrors (package:analyzer/src/dart/analysis/library_analyzer.dart:485:10)
[async_value_nullable_pattern] 2025-08-13T21:55:41.700894 #10     LibraryAnalyzer._computeDiagnostics (package:analyzer/src/dart/analysis/library_analyzer.dart:328:7)
[async_value_nullable_pattern] 2025-08-13T21:55:41.700894 #11     LibraryAnalyzer.analyze.<anonymous closure> (package:analyzer/src/dart/analysis/library_analyzer.dart:126:7)
[async_value_nullable_pattern] 2025-08-13T21:55:41.700894 #12     OperationPerformanceImpl.run (package:analyzer/src/util/performance/operation_performance.dart:155:23)
[async_value_nullable_pattern] 2025-08-13T21:55:41.700894 #13     LibraryAnalyzer.analyze (package:analyzer/src/dart/analysis/library_analyzer.dart:125:17)
[async_value_nullable_pattern] 2025-08-13T21:55:41.700894 #14     AnalysisDriver._analyzeFileImpl.<anonymous closure>.<anonymous closure> (package:analyzer/src/dart/analysis/driver.dart:1417:13)
[async_value_nullable_pattern] 2025-08-13T21:55:41.700894 #15     OperationPerformanceImpl.run (package:analyzer/src/util/performance/operation_performance.dart:155:23)
[async_value_nullable_pattern] 2025-08-13T21:55:41.700894 #16     AnalysisDriver._analyzeFileImpl.<anonymous closure> (package:analyzer/src/dart/analysis/driver.dart:1406:35)
[async_value_nullable_pattern] 2025-08-13T21:55:41.700894 #17     PerformanceLog.run (package:analyzer/src/dart/analysis/performance_logger.dart:38:15)
[async_value_nullable_pattern] 2025-08-13T21:55:41.700894 #18     AnalysisDriver._analyzeFileImpl (package:analyzer/src/dart/analysis/driver.dart:1348:20)
[async_value_nullable_pattern] 2025-08-13T21:55:41.700894 #19     AnalysisDriver._analyzeFile.<anonymous closure> (package:analyzer/src/dart/analysis/driver.dart:1325:9)
[async_value_nullable_pattern] 2025-08-13T21:55:41.700894 #20     OperationPerformanceImpl.run (package:analyzer/src/util/performance/operation_performance.dart:155:23)
[async_value_nullable_pattern] 2025-08-13T21:55:41.700894 #21     AnalysisDriver._analyzeFile (package:analyzer/src/dart/analysis/driver.dart:1322:38)
[async_value_nullable_pattern] 2025-08-13T21:55:41.700894 #22     AnalysisDriver.performWork (package:analyzer/src/dart/analysis/driver.dart:1217:7)
[async_value_nullable_pattern] 2025-08-13T21:55:41.700894 #23     AnalysisDriverScheduler._run (package:analyzer/src/dart/analysis/driver.dart:2659:24)
[async_value_nullable_pattern] 2025-08-13T21:55:41.700894 <asynchronous suspension>
[async_value_nullable_pattern] 2025-08-13T21:55:41.700894
[async_value_nullable_pattern] 2025-08-13T21:55:41.701428 Plugin async_value_nullable_pattern threw while analyzing /Users/talitasilva/development/flutter_experience_adf/cinebox/lib/ui/splash/splash_screen.dart:
[async_value_nullable_pattern] 2025-08-13T21:55:41.701428 Null check operator used on a null value
[async_value_nullable_pattern] 2025-08-13T21:55:41.701428 #0      ErrorVerifier._checkForMixinWithConflictingPrivateMember (package:analyzer/src/generated/error_verifier.dart:4257:52)
[async_value_nullable_pattern] 2025-08-13T21:55:41.701428 #1      ErrorVerifier._checkClassInheritance (package:analyzer/src/generated/error_verifier.dart:1570:7)
[async_value_nullable_pattern] 2025-08-13T21:55:41.701428 #2      ErrorVerifier.visitClassDeclaration (package:analyzer/src/generated/error_verifier.dart:463:26)
[async_value_nullable_pattern] 2025-08-13T21:55:41.701428 #3      ClassDeclarationImpl.accept (package:analyzer/src/dart/ast/ast.dart:2937:50)
[async_value_nullable_pattern] 2025-08-13T21:55:41.701428 #4      NodeListImpl.accept (package:analyzer/src/dart/ast/ast.dart:13245:20)
[async_value_nullable_pattern] 2025-08-13T21:55:41.701428 #5      CompilationUnitImpl.visitChildren (package:analyzer/src/dart/ast/ast.dart:3613:21)
[async_value_nullable_pattern] 2025-08-13T21:55:41.701428 #6      RecursiveAstVisitor.visitCompilationUnit (package:analyzer/dart/ast/visitor.dart:964:10)
[async_value_nullable_pattern] 2025-08-13T21:55:41.701428 #7      ErrorVerifier.visitCompilationUnit (package:analyzer/src/generated/error_verifier.dart:548:11)
[async_value_nullable_pattern] 2025-08-13T21:55:41.701428 #8      CompilationUnitImpl.accept (package:analyzer/src/dart/ast/ast.dart:3606:50)
[async_value_nullable_pattern] 2025-08-13T21:55:41.701428 #9      LibraryAnalyzer._computeVerifyErrors (package:analyzer/src/dart/analysis/library_analyzer.dart:485:10)
[async_value_nullable_pattern] 2025-08-13T21:55:41.701428 #10     LibraryAnalyzer._computeDiagnostics (package:analyzer/src/dart/analysis/library_analyzer.dart:328:7)
[async_value_nullable_pattern] 2025-08-13T21:55:41.701428 #11     LibraryAnalyzer.analyze.<anonymous closure> (package:analyzer/src/dart/analysis/library_analyzer.dart:126:7)
[async_value_nullable_pattern] 2025-08-13T21:55:41.701428 #12     OperationPerformanceImpl.run (package:analyzer/src/util/performance/operation_performance.dart:155:23)
[async_value_nullable_pattern] 2025-08-13T21:55:41.701428 #13     LibraryAnalyzer.analyze (package:analyzer/src/dart/analysis/library_analyzer.dart:125:17)
[async_value_nullable_pattern] 2025-08-13T21:55:41.701428 #14     AnalysisDriver._analyzeFileImpl.<anonymous closure>.<anonymous closure> (package:analyzer/src/dart/analysis/driver.dart:1417:13)
[async_value_nullable_pattern] 2025-08-13T21:55:41.701428 #15     OperationPerformanceImpl.run (package:analyzer/src/util/performance/operation_performance.dart:155:23)
[async_value_nullable_pattern] 2025-08-13T21:55:41.701428 #16     AnalysisDriver._analyzeFileImpl.<anonymous closure> (package:analyzer/src/dart/analysis/driver.dart:1406:35)
[async_value_nullable_pattern] 2025-08-13T21:55:41.701428 #17     PerformanceLog.run (package:analyzer/src/dart/analysis/performance_logger.dart:38:15)
[async_value_nullable_pattern] 2025-08-13T21:55:41.701428 #18     AnalysisDriver._analyzeFileImpl (package:analyzer/src/dart/analysis/driver.dart:1348:20)
[async_value_nullable_pattern] 2025-08-13T21:55:41.701428 #19     AnalysisDriver._analyzeFile.<anonymous closure> (package:analyzer/src/dart/analysis/driver.dart:1325:9)
[async_value_nullable_pattern] 2025-08-13T21:55:41.701428 #20     OperationPerformanceImpl.run (package:analyzer/src/util/performance/operation_performance.dart:155:23)
[async_value_nullable_pattern] 2025-08-13T21:55:41.701428 #21     AnalysisDriver._analyzeFile (package:analyzer/src/dart/analysis/driver.dart:1322:38)
[async_value_nullable_pattern] 2025-08-13T21:55:41.701428 #22     AnalysisDriver.performWork (package:analyzer/src/dart/analysis/driver.dart:1217:7)
[async_value_nullable_pattern] 2025-08-13T21:55:41.701428 #23     AnalysisDriverScheduler._run (package:analyzer/src/dart/analysis/driver.dart:2659:24)
[async_value_nullable_pattern] 2025-08-13T21:55:41.701428 <asynchronous suspension>
[async_value_nullable_pattern] 2025-08-13T21:55:41.701428
[async_value_nullable_pattern] 2025-08-13T22:10:33.659017 Plugin async_value_nullable_pattern threw while analyzing /Users/talitasilva/development/flutter_experience_adf/cinebox/lib/ui/splash/splash_screen.dart:
[async_value_nullable_pattern] 2025-08-13T22:10:33.659017 Null check operator used on a null value
[async_value_nullable_pattern] 2025-08-13T22:10:33.659017 #0      ErrorVerifier._checkForMixinWithConflictingPrivateMember (package:analyzer/src/generated/error_verifier.dart:4257:52)
[async_value_nullable_pattern] 2025-08-13T22:10:33.659017 #1      ErrorVerifier._checkClassInheritance (package:analyzer/src/generated/error_verifier.dart:1570:7)
[async_value_nullable_pattern] 2025-08-13T22:10:33.659017 #2      ErrorVerifier.visitClassDeclaration (package:analyzer/src/generated/error_verifier.dart:463:26)
[async_value_nullable_pattern] 2025-08-13T22:10:33.659017 #3      ClassDeclarationImpl.accept (package:analyzer/src/dart/ast/ast.dart:2937:50)
[async_value_nullable_pattern] 2025-08-13T22:10:33.659017 #4      NodeListImpl.accept (package:analyzer/src/dart/ast/ast.dart:13245:20)
[async_value_nullable_pattern] 2025-08-13T22:10:33.659017 #5      CompilationUnitImpl.visitChildren (package:analyzer/src/dart/ast/ast.dart:3613:21)
[async_value_nullable_pattern] 2025-08-13T22:10:33.659017 #6      RecursiveAstVisitor.visitCompilationUnit (package:analyzer/dart/ast/visitor.dart:964:10)
[async_value_nullable_pattern] 2025-08-13T22:10:33.659017 #7      ErrorVerifier.visitCompilationUnit (package:analyzer/src/generated/error_verifier.dart:548:11)
[async_value_nullable_pattern] 2025-08-13T22:10:33.659017 #8      CompilationUnitImpl.accept (package:analyzer/src/dart/ast/ast.dart:3606:50)
[async_value_nullable_pattern] 2025-08-13T22:10:33.659017 #9      LibraryAnalyzer._computeVerifyErrors (package:analyzer/src/dart/analysis/library_analyzer.dart:485:10)
[async_value_nullable_pattern] 2025-08-13T22:10:33.659017 #10     LibraryAnalyzer._computeDiagnostics (package:analyzer/src/dart/analysis/library_analyzer.dart:328:7)
[async_value_nullable_pattern] 2025-08-13T22:10:33.659017 #11     LibraryAnalyzer.analyze.<anonymous closure> (package:analyzer/src/dart/analysis/library_analyzer.dart:126:7)
[async_value_nullable_pattern] 2025-08-13T22:10:33.659017 #12     OperationPerformanceImpl.run (package:analyzer/src/util/performance/operation_performance.dart:155:23)
[async_value_nullable_pattern] 2025-08-13T22:10:33.659017 #13     LibraryAnalyzer.analyze (package:analyzer/src/dart/analysis/library_analyzer.dart:125:17)
[async_value_nullable_pattern] 2025-08-13T22:10:33.659017 #14     AnalysisDriver._analyzeFileImpl.<anonymous closure>.<anonymous closure> (package:analyzer/src/dart/analysis/driver.dart:1417:13)
[async_value_nullable_pattern] 2025-08-13T22:10:33.659017 #15     OperationPerformanceImpl.run (package:analyzer/src/util/performance/operation_performance.dart:155:23)
[async_value_nullable_pattern] 2025-08-13T22:10:33.659017 #16     AnalysisDriver._analyzeFileImpl.<anonymous closure> (package:analyzer/src/dart/analysis/driver.dart:1406:35)
[async_value_nullable_pattern] 2025-08-13T22:10:33.659017 #17     PerformanceLog.run (package:analyzer/src/dart/analysis/performance_logger.dart:38:15)
[async_value_nullable_pattern] 2025-08-13T22:10:33.659017 #18     AnalysisDriver._analyzeFileImpl (package:analyzer/src/dart/analysis/driver.dart:1348:20)
[async_value_nullable_pattern] 2025-08-13T22:10:33.659017 #19     AnalysisDriver._analyzeFile.<anonymous closure> (package:analyzer/src/dart/analysis/driver.dart:1325:9)
[async_value_nullable_pattern] 2025-08-13T22:10:33.659017 #20     OperationPerformanceImpl.run (package:analyzer/src/util/performance/operation_performance.dart:155:23)
[async_value_nullable_pattern] 2025-08-13T22:10:33.659017 #21     AnalysisDriver._analyzeFile (package:analyzer/src/dart/analysis/driver.dart:1322:38)
[async_value_nullable_pattern] 2025-08-13T22:10:33.659017 #22     AnalysisDriver.performWork (package:analyzer/src/dart/analysis/driver.dart:1217:7)
[async_value_nullable_pattern] 2025-08-13T22:10:33.659017 #23     AnalysisDriverScheduler._run (package:analyzer/src/dart/analysis/driver.dart:2659:24)
[async_value_nullable_pattern] 2025-08-13T22:10:33.659017 <asynchronous suspension>
[async_value_nullable_pattern] 2025-08-13T22:10:33.659017
[async_value_nullable_pattern] 2025-08-13T22:10:33.661937 Plugin async_value_nullable_pattern threw while analyzing /Users/talitasilva/development/flutter_experience_adf/cinebox/lib/ui/splash/splash_screen.dart:
[async_value_nullable_pattern] 2025-08-13T22:10:33.661937 Null check operator used on a null value
[async_value_nullable_pattern] 2025-08-13T22:10:33.661937 #0      ErrorVerifier._checkForMixinWithConflictingPrivateMember (package:analyzer/src/generated/error_verifier.dart:4257:52)
[async_value_nullable_pattern] 2025-08-13T22:10:33.661937 #1      ErrorVerifier._checkClassInheritance (package:analyzer/src/generated/error_verifier.dart:1570:7)
[async_value_nullable_pattern] 2025-08-13T22:10:33.661937 #2      ErrorVerifier.visitClassDeclaration (package:analyzer/src/generated/error_verifier.dart:463:26)
[async_value_nullable_pattern] 2025-08-13T22:10:33.661937 #3      ClassDeclarationImpl.accept (package:analyzer/src/dart/ast/ast.dart:2937:50)
[async_value_nullable_pattern] 2025-08-13T22:10:33.661937 #4      NodeListImpl.accept (package:analyzer/src/dart/ast/ast.dart:13245:20)
[async_value_nullable_pattern] 2025-08-13T22:10:33.661937 #5      CompilationUnitImpl.visitChildren (package:analyzer/src/dart/ast/ast.dart:3613:21)
[async_value_nullable_pattern] 2025-08-13T22:10:33.661937 #6      RecursiveAstVisitor.visitCompilationUnit (package:analyzer/dart/ast/visitor.dart:964:10)
[async_value_nullable_pattern] 2025-08-13T22:10:33.661937 #7      ErrorVerifier.visitCompilationUnit (package:analyzer/src/generated/error_verifier.dart:548:11)
[async_value_nullable_pattern] 2025-08-13T22:10:33.661937 #8      CompilationUnitImpl.accept (package:analyzer/src/dart/ast/ast.dart:3606:50)
[async_value_nullable_pattern] 2025-08-13T22:10:33.661937 #9      LibraryAnalyzer._computeVerifyErrors (package:analyzer/src/dart/analysis/library_analyzer.dart:485:10)
[async_value_nullable_pattern] 2025-08-13T22:10:33.661937 #10     LibraryAnalyzer._computeDiagnostics (package:analyzer/src/dart/analysis/library_analyzer.dart:328:7)
[async_value_nullable_pattern] 2025-08-13T22:10:33.661937 #11     LibraryAnalyzer.analyze.<anonymous closure> (package:analyzer/src/dart/analysis/library_analyzer.dart:126:7)
[async_value_nullable_pattern] 2025-08-13T22:10:33.661937 #12     OperationPerformanceImpl.run (package:analyzer/src/util/performance/operation_performance.dart:155:23)
[async_value_nullable_pattern] 2025-08-13T22:10:33.661937 #13     LibraryAnalyzer.analyze (package:analyzer/src/dart/analysis/library_analyzer.dart:125:17)
[async_value_nullable_pattern] 2025-08-13T22:10:33.661937 #14     AnalysisDriver._analyzeFileImpl.<anonymous closure>.<anonymous closure> (package:analyzer/src/dart/analysis/driver.dart:1417:13)
[async_value_nullable_pattern] 2025-08-13T22:10:33.661937 #15     OperationPerformanceImpl.run (package:analyzer/src/util/performance/operation_performance.dart:155:23)
[async_value_nullable_pattern] 2025-08-13T22:10:33.661937 #16     AnalysisDriver._analyzeFileImpl.<anonymous closure> (package:analyzer/src/dart/analysis/driver.dart:1406:35)
[async_value_nullable_pattern] 2025-08-13T22:10:33.661937 #17     PerformanceLog.run (package:analyzer/src/dart/analysis/performance_logger.dart:38:15)
[async_value_nullable_pattern] 2025-08-13T22:10:33.661937 #18     AnalysisDriver._analyzeFileImpl (package:analyzer/src/dart/analysis/driver.dart:1348:20)
[async_value_nullable_pattern] 2025-08-13T22:10:33.661937 #19     AnalysisDriver._analyzeFile.<anonymous closure> (package:analyzer/src/dart/analysis/driver.dart:1325:9)
[async_value_nullable_pattern] 2025-08-13T22:10:33.661937 #20     OperationPerformanceImpl.run (package:analyzer/src/util/performance/operation_performance.dart:155:23)
[async_value_nullable_pattern] 2025-08-13T22:10:33.661937 #21     AnalysisDriver._analyzeFile (package:analyzer/src/dart/analysis/driver.dart:1322:38)
[async_value_nullable_pattern] 2025-08-13T22:10:33.661937 #22     AnalysisDriver.performWork (package:analyzer/src/dart/analysis/driver.dart:1217:7)
[async_value_nullable_pattern] 2025-08-13T22:10:33.661937 #23     AnalysisDriverScheduler._run (package:analyzer/src/dart/analysis/driver.dart:2659:24)
[async_value_nullable_pattern] 2025-08-13T22:10:33.661937 <asynchronous suspension>
[async_value_nullable_pattern] 2025-08-13T22:10:33.661937
[async_value_nullable_pattern] 2025-08-13T22:10:34.072737 Plugin async_value_nullable_pattern threw while analyzing /Users/talitasilva/development/flutter_experience_adf/cinebox/lib/ui/splash/splash_screen.dart:
[async_value_nullable_pattern] 2025-08-13T22:10:34.072737 Null check operator used on a null value
[async_value_nullable_pattern] 2025-08-13T22:10:34.072737 #0      ErrorVerifier._checkForMixinWithConflictingPrivateMember (package:analyzer/src/generated/error_verifier.dart:4257:52)
[async_value_nullable_pattern] 2025-08-13T22:10:34.072737 #1      ErrorVerifier._checkClassInheritance (package:analyzer/src/generated/error_verifier.dart:1570:7)
[async_value_nullable_pattern] 2025-08-13T22:10:34.072737 #2      ErrorVerifier.visitClassDeclaration (package:analyzer/src/generated/error_verifier.dart:463:26)
[async_value_nullable_pattern] 2025-08-13T22:10:34.072737 #3      ClassDeclarationImpl.accept (package:analyzer/src/dart/ast/ast.dart:2937:50)
[async_value_nullable_pattern] 2025-08-13T22:10:34.072737 #4      NodeListImpl.accept (package:analyzer/src/dart/ast/ast.dart:13245:20)
[async_value_nullable_pattern] 2025-08-13T22:10:34.072737 #5      CompilationUnitImpl.visitChildren (package:analyzer/src/dart/ast/ast.dart:3613:21)
[async_value_nullable_pattern] 2025-08-13T22:10:34.072737 #6      RecursiveAstVisitor.visitCompilationUnit (package:analyzer/dart/ast/visitor.dart:964:10)
[async_value_nullable_pattern] 2025-08-13T22:10:34.072737 #7      ErrorVerifier.visitCompilationUnit (package:analyzer/src/generated/error_verifier.dart:548:11)
[async_value_nullable_pattern] 2025-08-13T22:10:34.072737 #8      CompilationUnitImpl.accept (package:analyzer/src/dart/ast/ast.dart:3606:50)
[async_value_nullable_pattern] 2025-08-13T22:10:34.072737 #9      LibraryAnalyzer._computeVerifyErrors (package:analyzer/src/dart/analysis/library_analyzer.dart:485:10)
[async_value_nullable_pattern] 2025-08-13T22:10:34.072737 #10     LibraryAnalyzer._computeDiagnostics (package:analyzer/src/dart/analysis/library_analyzer.dart:328:7)
[async_value_nullable_pattern] 2025-08-13T22:10:34.072737 #11     LibraryAnalyzer.analyze.<anonymous closure> (package:analyzer/src/dart/analysis/library_analyzer.dart:126:7)
[async_value_nullable_pattern] 2025-08-13T22:10:34.072737 #12     OperationPerformanceImpl.run (package:analyzer/src/util/performance/operation_performance.dart:155:23)
[async_value_nullable_pattern] 2025-08-13T22:10:34.072737 #13     LibraryAnalyzer.analyze (package:analyzer/src/dart/analysis/library_analyzer.dart:125:17)
[async_value_nullable_pattern] 2025-08-13T22:10:34.072737 #14     AnalysisDriver._analyzeFileImpl.<anonymous closure>.<anonymous closure> (package:analyzer/src/dart/analysis/driver.dart:1417:13)
[async_value_nullable_pattern] 2025-08-13T22:10:34.072737 #15     OperationPerformanceImpl.run (package:analyzer/src/util/performance/operation_performance.dart:155:23)
[async_value_nullable_pattern] 2025-08-13T22:10:34.072737 #16     AnalysisDriver._analyzeFileImpl.<anonymous closure> (package:analyzer/src/dart/analysis/driver.dart:1406:35)
[async_value_nullable_pattern] 2025-08-13T22:10:34.072737 #17     PerformanceLog.run (package:analyzer/src/dart/analysis/performance_logger.dart:38:15)
[async_value_nullable_pattern] 2025-08-13T22:10:34.072737 #18     AnalysisDriver._analyzeFileImpl (package:analyzer/src/dart/analysis/driver.dart:1348:20)
[async_value_nullable_pattern] 2025-08-13T22:10:34.072737 #19     AnalysisDriver._analyzeFile.<anonymous closure> (package:analyzer/src/dart/analysis/driver.dart:1325:9)
[async_value_nullable_pattern] 2025-08-13T22:10:34.072737 #20     OperationPerformanceImpl.run (package:analyzer/src/util/performance/operation_performance.dart:155:23)
[async_value_nullable_pattern] 2025-08-13T22:10:34.072737 #21     AnalysisDriver._analyzeFile (package:analyzer/src/dart/analysis/driver.dart:1322:38)
[async_value_nullable_pattern] 2025-08-13T22:10:34.072737 #22     AnalysisDriver.performWork (package:analyzer/src/dart/analysis/driver.dart:1217:7)
[async_value_nullable_pattern] 2025-08-13T22:10:34.072737 #23     AnalysisDriverScheduler._run (package:analyzer/src/dart/analysis/driver.dart:2659:24)
[async_value_nullable_pattern] 2025-08-13T22:10:34.072737 <asynchronous suspension>
[async_value_nullable_pattern] 2025-08-13T22:10:34.072737
[async_value_nullable_pattern] 2025-08-13T22:10:34.073158 Plugin async_value_nullable_pattern threw while analyzing /Users/talitasilva/development/flutter_experience_adf/cinebox/lib/ui/splash/splash_screen.dart:
[async_value_nullable_pattern] 2025-08-13T22:10:34.073158 Null check operator used on a null value
[async_value_nullable_pattern] 2025-08-13T22:10:34.073158 #0      ErrorVerifier._checkForMixinWithConflictingPrivateMember (package:analyzer/src/generated/error_verifier.dart:4257:52)
[async_value_nullable_pattern] 2025-08-13T22:10:34.073158 #1      ErrorVerifier._checkClassInheritance (package:analyzer/src/generated/error_verifier.dart:1570:7)
[async_value_nullable_pattern] 2025-08-13T22:10:34.073158 #2      ErrorVerifier.visitClassDeclaration (package:analyzer/src/generated/error_verifier.dart:463:26)
[async_value_nullable_pattern] 2025-08-13T22:10:34.073158 #3      ClassDeclarationImpl.accept (package:analyzer/src/dart/ast/ast.dart:2937:50)
[async_value_nullable_pattern] 2025-08-13T22:10:34.073158 #4      NodeListImpl.accept (package:analyzer/src/dart/ast/ast.dart:13245:20)
[async_value_nullable_pattern] 2025-08-13T22:10:34.073158 #5      CompilationUnitImpl.visitChildren (package:analyzer/src/dart/ast/ast.dart:3613:21)
[async_value_nullable_pattern] 2025-08-13T22:10:34.073158 #6      RecursiveAstVisitor.visitCompilationUnit (package:analyzer/dart/ast/visitor.dart:964:10)
[async_value_nullable_pattern] 2025-08-13T22:10:34.073158 #7      ErrorVerifier.visitCompilationUnit (package:analyzer/src/generated/error_verifier.dart:548:11)
[async_value_nullable_pattern] 2025-08-13T22:10:34.073158 #8      CompilationUnitImpl.accept (package:analyzer/src/dart/ast/ast.dart:3606:50)
[async_value_nullable_pattern] 2025-08-13T22:10:34.073158 #9      LibraryAnalyzer._computeVerifyErrors (package:analyzer/src/dart/analysis/library_analyzer.dart:485:10)
[async_value_nullable_pattern] 2025-08-13T22:10:34.073158 #10     LibraryAnalyzer._computeDiagnostics (package:analyzer/src/dart/analysis/library_analyzer.dart:328:7)
[async_value_nullable_pattern] 2025-08-13T22:10:34.073158 #11     LibraryAnalyzer.analyze.<anonymous closure> (package:analyzer/src/dart/analysis/library_analyzer.dart:126:7)
[async_value_nullable_pattern] 2025-08-13T22:10:34.073158 #12     OperationPerformanceImpl.run (package:analyzer/src/util/performance/operation_performance.dart:155:23)
[async_value_nullable_pattern] 2025-08-13T22:10:34.073158 #13     LibraryAnalyzer.analyze (package:analyzer/src/dart/analysis/library_analyzer.dart:125:17)
[async_value_nullable_pattern] 2025-08-13T22:10:34.073158 #14     AnalysisDriver._analyzeFileImpl.<anonymous closure>.<anonymous closure> (package:analyzer/src/dart/analysis/driver.dart:1417:13)
[async_value_nullable_pattern] 2025-08-13T22:10:34.073158 #15     OperationPerformanceImpl.run (package:analyzer/src/util/performance/operation_performance.dart:155:23)
[async_value_nullable_pattern] 2025-08-13T22:10:34.073158 #16     AnalysisDriver._analyzeFileImpl.<anonymous closure> (package:analyzer/src/dart/analysis/driver.dart:1406:35)
[async_value_nullable_pattern] 2025-08-13T22:10:34.073158 #17     PerformanceLog.run (package:analyzer/src/dart/analysis/performance_logger.dart:38:15)
[async_value_nullable_pattern] 2025-08-13T22:10:34.073158 #18     AnalysisDriver._analyzeFileImpl (package:analyzer/src/dart/analysis/driver.dart:1348:20)
[async_value_nullable_pattern] 2025-08-13T22:10:34.073158 #19     AnalysisDriver._analyzeFile.<anonymous closure> (package:analyzer/src/dart/analysis/driver.dart:1325:9)
[async_value_nullable_pattern] 2025-08-13T22:10:34.073158 #20     OperationPerformanceImpl.run (package:analyzer/src/util/performance/operation_performance.dart:155:23)
[async_value_nullable_pattern] 2025-08-13T22:10:34.073158 #21     AnalysisDriver._analyzeFile (package:analyzer/src/dart/analysis/driver.dart:1322:38)
[async_value_nullable_pattern] 2025-08-13T22:10:34.073158 #22     AnalysisDriver.performWork (package:analyzer/src/dart/analysis/driver.dart:1217:7)
[async_value_nullable_pattern] 2025-08-13T22:10:34.073158 #23     AnalysisDriverScheduler._run (package:analyzer/src/dart/analysis/driver.dart:2659:24)
[async_value_nullable_pattern] 2025-08-13T22:10:34.073158 <asynchronous suspension>
[async_value_nullable_pattern] 2025-08-13T22:10:34.073158
